<?xml version="1.0" encoding="UTF-8"?>
<testsuite xmlns:xsi="http://www.w3.org/2001/XMLSchema-instance" xsi:noNamespaceSchemaLocation="https://maven.apache.org/surefire/maven-surefire-plugin/xsd/surefire-test-report.xsd" version="3.0.2" name="com.qacart.todo.testcases.TodoTest" time="64.501" tests="2" errors="1" skipped="0" failures="0" flakes="0">
  <properties>
[...]
</properties>
  <testcase name="shouldBeAbleToAddNewTodo" classname="com.qacart.todo.testcases.TodoTest" time="32.401">
    <system-out><![CDATA[Request method:	POST
Request URI:	https://qacart-todo.herokuapp.com/api/v1/users/register
Proxy:			<none>
Request params:	<none>
Query params:	<none>
Form params:	<none>
Path params:	<none>
Headers:		Accept=*/*
				Content-Type=application/json
Cookies:		<none>
Multiparts:		<none>
Body:
{
    "email": "yasmine.volkman@yahoo.com",
    "password": "b35v3l05y08477",
    "firstName": "Meghan",
    "lastName": "Mertz"
}
Request method:	POST
Request URI:	https://qacart-todo.herokuapp.com/api/v1/users/register
Proxy:			<none>
Request params:	<none>
Query params:	<none>
Form params:	<none>
Path params:	<none>
Headers:		Accept=*/*
				Content-Type=application/json
Cookies:		<none>
Multiparts:		<none>
Body:
{
    "email": "timmy.hayes@yahoo.com",
    "password": "3dp8az92hj",
    "firstName": "Sherley",
    "lastName": "Gaylord"
}
HTTP/1.1 201 Created
Access-Control-Allow-Origin: *
Content-Length: 282
Content-Type: application/json; charset=utf-8
Date: Fri, 17 Jul 2026 01:51:49 GMT
Etag: W/"11a-+iyGSDBMajPkQLA0pmTlBJQll4A"
Nel: {"report_to":"heroku-nel","response_headers":["Via"],"max_age":3600,"success_fraction":0.01,"failure_fraction":0.1}
Report-To: {"group":"heroku-nel","endpoints":[{"url":"https://nel.heroku.com/reports?s=M%2BSbpfCMk6bZQ7tO7jyJYB5f03PpQvvXKZTa9RkVS14%3D\u0026sid=812dcc77-0bd0-43b1-a5f1-b25750382959\u0026ts=1784253109"}],"max_age":3600}
Reporting-Endpoints: heroku-nel="https://nel.heroku.com/reports?s=M%2BSbpfCMk6bZQ7tO7jyJYB5f03PpQvvXKZTa9RkVS14%3D&sid=812dcc77-0bd0-43b1-a5f1-b25750382959&ts=1784253109"
Server: Heroku
Set-Cookie: access_token=eyJhbGciOiJIUzI1NiIsInR5cCI6IkpXVCJ9.eyJpZCI6IjZhNTk4YWI1MTQ2YjEzMDAxNTdlNzdjNCIsImZpcnN0TmFtZSI6IlNoZXJsZXkiLCJsYXN0TmFtZSI6IkdheWxvcmQiLCJpYXQiOjE3ODQyNTMxMDl9.s2Fx2jD2zUUqFeRWRUhNyF__iFDzqf9jcBuZEIqqvK0; Path=/
Set-Cookie: userID=j%3A%226a598ab5146b1300157e77c4%22; Path=/
Set-Cookie: firstName=Sherley; Path=/
Via: 1.1 heroku-router
X-Powered-By: Express

{
    "access_token": "eyJhbGciOiJIUzI1NiIsInR5cCI6IkpXVCJ9.eyJpZCI6IjZhNTk4YWI1MTQ2YjEzMDAxNTdlNzdjNCIsImZpcnN0TmFtZSI6IlNoZXJsZXkiLCJsYXN0TmFtZSI6IkdheWxvcmQiLCJpYXQiOjE3ODQyNTMxMDl9.s2Fx2jD2zUUqFeRWRUhNyF__iFDzqf9jcBuZEIqqvK0",
    "userID": "6a598ab5146b1300157e77c4",
    "firstName": "Sherley"
}
HTTP/1.1 201 Created
Access-Control-Allow-Origin: *
Content-Length: 277
Content-Type: application/json; charset=utf-8
Date: Fri, 17 Jul 2026 01:51:49 GMT
Etag: W/"115-42gY1WrntdOBSto7ELjvpSfeM9w"
Nel: {"report_to":"heroku-nel","response_headers":["Via"],"max_age":3600,"success_fraction":0.01,"failure_fraction":0.1}
Report-To: {"group":"heroku-nel","endpoints":[{"url":"https://nel.heroku.com/reports?s=M%2BSbpfCMk6bZQ7tO7jyJYB5f03PpQvvXKZTa9RkVS14%3D\u0026sid=812dcc77-0bd0-43b1-a5f1-b25750382959\u0026ts=1784253109"}],"max_age":3600}
Reporting-Endpoints: heroku-nel="https://nel.heroku.com/reports?s=M%2BSbpfCMk6bZQ7tO7jyJYB5f03PpQvvXKZTa9RkVS14%3D&sid=812dcc77-0bd0-43b1-a5f1-b25750382959&ts=1784253109"
Server: Heroku
Set-Cookie: access_token=eyJhbGciOiJIUzI1NiIsInR5cCI6IkpXVCJ9.eyJpZCI6IjZhNTk4YWI1MTQ2YjEzMDAxNTdlNzdjMiIsImZpcnN0TmFtZSI6Ik1lZ2hhbiIsImxhc3ROYW1lIjoiTWVydHoiLCJpYXQiOjE3ODQyNTMxMDl9.yFoFLXsDkKoZHSWMzrbiieC8jUYmddpDTYHvlSrRayY; Path=/
Set-Cookie: userID=j%3A%226a598ab5146b1300157e77c2%22; Path=/
Set-Cookie: firstName=Meghan; Path=/
Via: 1.1 heroku-router
X-Powered-By: Express

{
    "access_token": "eyJhbGciOiJIUzI1NiIsInR5cCI6IkpXVCJ9.eyJpZCI6IjZhNTk4YWI1MTQ2YjEzMDAxNTdlNzdjMiIsImZpcnN0TmFtZSI6Ik1lZ2hhbiIsImxhc3ROYW1lIjoiTWVydHoiLCJpYXQiOjE3ODQyNTMxMDl9.yFoFLXsDkKoZHSWMzrbiieC8jUYmddpDTYHvlSrRayY",
    "userID": "6a598ab5146b1300157e77c2",
    "firstName": "Meghan"
}
Request method:	POST
Request URI:	https://qacart-todo.herokuapp.com/api/v1/tasks
Proxy:			<none>
Request params:	<none>
Query params:	<none>
Form params:	<none>
Path params:	<none>
Headers:		Accept=*/*
				Content-Type=application/json
Cookies:		<none>
Multiparts:		<none>
Body:
{
    "isCompleted": false,
    "item": "Playwright"
}
HTTP/1.1 201 Created
Access-Control-Allow-Origin: *
Content-Length: 157
Content-Type: application/json; charset=utf-8
Date: Fri, 17 Jul 2026 01:51:55 GMT
Etag: W/"9d-RyG4XmIU/sNdLl/DnXH2XWwrMPk"
Nel: {"report_to":"heroku-nel","response_headers":["Via"],"max_age":3600,"success_fraction":0.01,"failure_fraction":0.1}
Report-To: {"group":"heroku-nel","endpoints":[{"url":"https://nel.heroku.com/reports?s=Er6TegKTQVCc%2Fp47AMP4mBie%2BXlAb491%2F4FBsmbfso4%3D\u0026sid=812dcc77-0bd0-43b1-a5f1-b25750382959\u0026ts=1784253115"}],"max_age":3600}
Reporting-Endpoints: heroku-nel="https://nel.heroku.com/reports?s=Er6TegKTQVCc%2Fp47AMP4mBie%2BXlAb491%2F4FBsmbfso4%3D&sid=812dcc77-0bd0-43b1-a5f1-b25750382959&ts=1784253115"
Server: Heroku
Via: 1.1 heroku-router
X-Powered-By: Express

{
    "isCompleted": false,
    "_id": "6a598abb146b1300157e77c6",
    "item": "Playwright",
    "userID": "6a598ab5146b1300157e77c2",
    "createdAt": "2026-07-17T01:51:55.494Z",
    "__v": 0
}
]]></system-out>
  </testcase>
  <testcase name="shouldBeAbleToDeleteTodo" classname="com.qacart.todo.testcases.TodoTest" time="53.836">
    <error message="no such element: Unable to locate element: {&quot;method&quot;:&quot;css selector&quot;,&quot;selector&quot;:&quot;[data-testid=&quot;no-todos&quot;]&quot;}&#10;  (Session info: chrome=150.0.7871.125)&#10;For documentation on this error, please visit: https://www.selenium.dev/documentation/webdriver/troubleshooting/errors#nosuchelementexception&#10;Build info: version: &apos;4.44.0&apos;, revision: &apos;da2039b&apos;&#10;System info: os.name: &apos;Windows 10&apos;, os.arch: &apos;amd64&apos;, os.version: &apos;10.0&apos;, java.version: &apos;21.0.8&apos;&#10;Driver info: org.openqa.selenium.chrome.ChromeDriver&#10;Command: [9f4e9c55467f7db7d91fde21ecca1b28, findElement {using=css selector, value=[data-testid=&quot;no-todos&quot;]}]&#10;Capabilities {acceptInsecureCerts: false, browserName: chrome, browserVersion: 150.0.7871.125, chrome: {chromedriverVersion: 150.0.7871.124 (9261fd0a595..., userDataDir: C:\Windows\SystemTemp\scope...}, fedcm:accounts: true, goog:chromeOptions: {debuggerAddress: localhost:57827}, goog:processID: 5988, networkConnectionEnabled: false, pageLoadStrategy: normal, platformName: windows, proxy: Proxy(), se:cdp: ws://localhost:57827/devtoo..., se:cdpVersion: 150.0.7871.125, setWindowRect: true, strictFileInteractability: false, timeouts: {implicit: 0, pageLoad: 300000, script: 30000}, unhandledPromptBehavior: dismiss and notify, webauthn:extension:credBlob: true, webauthn:extension:largeBlob: true, webauthn:extension:minPinLength: true, webauthn:extension:prf: true, webauthn:virtualAuthenticators: true}&#10;Session ID: 9f4e9c55467f7db7d91fde21ecca1b28" type="org.openqa.selenium.NoSuchElementException"><![CDATA[org.openqa.selenium.NoSuchElementException: 
no such element: Unable to locate element: {"method":"css selector","selector":"[data-testid="no-todos"]"}
  (Session info: chrome=150.0.7871.125)
For documentation on this error, please visit: https://www.selenium.dev/documentation/webdriver/troubleshooting/errors#nosuchelementexception
Build info: version: '4.44.0', revision: 'da2039b'
System info: os.name: 'Windows 10', os.arch: 'amd64', os.version: '10.0', java.version: '21.0.8'
Driver info: org.openqa.selenium.chrome.ChromeDriver
Command: [9f4e9c55467f7db7d91fde21ecca1b28, findElement {using=css selector, value=[data-testid="no-todos"]}]
Capabilities {acceptInsecureCerts: false, browserName: chrome, browserVersion: 150.0.7871.125, chrome: {chromedriverVersion: 150.0.7871.124 (9261fd0a595..., userDataDir: C:\Windows\SystemTemp\scope...}, fedcm:accounts: true, goog:chromeOptions: {debuggerAddress: localhost:57827}, goog:processID: 5988, networkConnectionEnabled: false, pageLoadStrategy: normal, platformName: windows, proxy: Proxy(), se:cdp: ws://localhost:57827/devtoo..., se:cdpVersion: 150.0.7871.125, setWindowRect: true, strictFileInteractability: false, timeouts: {implicit: 0, pageLoad: 300000, script: 30000}, unhandledPromptBehavior: dismiss and notify, webauthn:extension:credBlob: true, webauthn:extension:largeBlob: true, webauthn:extension:minPinLength: true, webauthn:extension:prf: true, webauthn:virtualAuthenticators: true}
Session ID: 9f4e9c55467f7db7d91fde21ecca1b28
	at org.openqa.selenium.remote.ErrorCodec.decode(ErrorCodec.java:169)
	at org.openqa.selenium.remote.codec.w3c.W3CHttpResponseCodec.decode(W3CHttpResponseCodec.java:143)
	at org.openqa.selenium.remote.codec.w3c.W3CHttpResponseCodec.decode(W3CHttpResponseCodec.java:50)
	at org.openqa.selenium.remote.HttpCommandExecutor.execute(HttpCommandExecutor.java:224)
	at org.openqa.selenium.remote.service.DriverCommandExecutor.invokeExecute(DriverCommandExecutor.java:217)
	at org.openqa.selenium.remote.service.DriverCommandExecutor.execute(DriverCommandExecutor.java:175)
	at org.openqa.selenium.remote.RemoteWebDriver.execute(RemoteWebDriver.java:600)
	at org.openqa.selenium.remote.ElementLocation$ElementFinder$2.findElement(ElementLocation.java:173)
	at org.openqa.selenium.remote.ElementLocation.findElement(ElementLocation.java:60)
	at org.openqa.selenium.remote.RemoteWebDriver.findElement(RemoteWebDriver.java:421)
	at org.openqa.selenium.remote.RemoteWebDriver.findElement(RemoteWebDriver.java:415)
	at org.openqa.selenium.support.pagefactory.DefaultElementLocator.findElement(DefaultElementLocator.java:69)
	at org.openqa.selenium.support.pagefactory.internal.LocatingElementHandler.invoke(LocatingElementHandler.java:38)
	at jdk.proxy2/jdk.proxy2.$Proxy19.isDisplayed(Unknown Source)
	at com.qacart.todo.Pages.TodoPage.isNoTodoMessageDisplayed(TodoPage.java:57)
	at com.qacart.todo.testcases.TodoTest.shouldBeAbleToDeleteTodo(TodoTest.java:51)
	at java.base/java.lang.reflect.Method.invoke(Method.java:580)
	at org.testng.internal.invokers.MethodInvocationHelper.invokeMethod(MethodInvocationHelper.java:141)
	at org.testng.internal.invokers.TestInvoker.invokeMethod(TestInvoker.java:687)
	at org.testng.internal.invokers.TestInvoker.invokeTestMethod(TestInvoker.java:230)
	at org.testng.internal.invokers.MethodRunner.runInSequence(MethodRunner.java:63)
	at org.testng.internal.invokers.TestInvoker$MethodInvocationAgent.invoke(TestInvoker.java:995)
	at org.testng.internal.invokers.TestInvoker.invokeTestMethods(TestInvoker.java:203)
	at org.testng.internal.invokers.TestMethodWorker.invokeTestMethods(TestMethodWorker.java:154)
	at org.testng.internal.invokers.TestMethodWorker.run(TestMethodWorker.java:134)
	at java.base/java.util.concurrent.Executors$RunnableAdapter.call(Executors.java:572)
	at java.base/java.util.concurrent.FutureTask.run(FutureTask.java:317)
	at org.testng.internal.thread.graph.TestNGFutureTask.run(TestNGFutureTask.java:22)
	at java.base/java.util.concurrent.ThreadPoolExecutor.runWorker(ThreadPoolExecutor.java:1144)
	at java.base/java.util.concurrent.ThreadPoolExecutor$Worker.run(ThreadPoolExecutor.java:642)
	at java.base/java.lang.Thread.run(Thread.java:1583)
]]></error>
  </testcase>
</testsuite>