<?xml version="1.0" encoding="UTF-8"?>
<testsuite xmlns:xsi="http://www.w3.org/2001/XMLSchema-instance" xsi:noNamespaceSchemaLocation="https://maven.apache.org/surefire/maven-surefire-plugin/xsd/surefire-test-report.xsd" version="3.0.2" name="com.qacart.todo.testcases.LoginTest" time="19.442" tests="1" errors="0" skipped="0" failures="0" flakes="0">
  <properties>
[...]
</properties>
  <testcase name="shouldBeAbleToLoginWithEmailAndPassword" classname="com.qacart.todo.testcases.LoginTest" time="8.359">
    <system-err><![CDATA[SLF4J(W): No SLF4J providers were found.
SLF4J(W): Defaulting to no-operation (NOP) logger implementation
SLF4J(W): See https://www.slf4j.org/codes.html#noProviders for further details.
يوليو ١٧, ٢٠٢٦ ٤:٥١:٣٢ ص org.openqa.selenium.devtools.CdpVersionFinder findNearestMatch
WARNING: Unable to find an exact match for CDP version ١٥٠, returning the closest version; found: ١٤٨; Please update to a Selenium version that supports CDP version ١٥٠
يوليو ١٧, ٢٠٢٦ ٤:٥١:٣٢ ص org.openqa.selenium.devtools.CdpVersionFinder findNearestMatch
WARNING: Unable to find an exact match for CDP version ١٥٠, returning the closest version; found: ١٤٨; Please update to a Selenium version that supports CDP version ١٥٠
يوليو ١٧, ٢٠٢٦ ٤:٥١:٣٢ ص org.openqa.selenium.devtools.CdpVersionFinder findNearestMatch
WARNING: Unable to find an exact match for CDP version ١٥٠, returning the closest version; found: ١٤٨; Please update to a Selenium version that supports CDP version ١٥٠
]]></system-err>
  </testcase>
</testsuite>